Building DAG of jobs...
Using shell: /bin/bash
Provided cluster nodes: 1
Job counts:
	count	jobs
	1	all
	162	blast_2_rma6_kegg
	1	build_aadder_db
	162	run_aadder
	326

[Fri Dec 13 13:31:24 2019]
Job 325: Build AADDER database with most recent file

Submitted job 325 with external jobid 'Submitted batch job 16287980'.
[Fri Dec 13 13:43:05 2019]
Error in rule build_aadder_db:
    jobid: 325
    output: /projects1/microbiome_calculus/Cameroon_plaque/01-data/databases/aadder/Oct2019/aadd.dbx, /projects1/microbiome_calculus/Cameroon_plaque/01-data/databases/aadder/Oct2019/aadd.idx
    cluster_jobid: Submitted batch job 16287980

Shutting down, this might take some time.
Exiting because a job execution failed. Look above for error message
Complete log: /projects1/microbiome_calculus/Cameroon_plaque/02-scripts.backup/.snakemake/log/2019-12-13T133123.415144.snakemake.log
